<?xml version="1.0" encoding="UTF-8"?>
<testng-results skipped="0" failed="0" total="1" passed="1">
  <reporter-output>
  </reporter-output>
  <suite name="Default suite" duration-ms="12971" started-at="2020-03-22T23:06:29Z" finished-at="2020-03-22T23:06:42Z">
    <groups>
    </groups>
    <test name="Default test" duration-ms="12971" started-at="2020-03-22T23:06:29Z" finished-at="2020-03-22T23:06:42Z">
      <class name="main.java.com.metrobank.automation.testcase.ConnectionTestCase">
        <test-method status="PASS" signature="testConnectionCase()[pri:0, instance:main.java.com.metrobank.automation.testcase.ConnectionTestCase@1c7cbad]" name="testConnectionCase" duration-ms="12955" started-at="2020-03-23T07:06:29Z" finished-at="2020-03-23T07:06:42Z">
          <reporter-output>
          </reporter-output>
        </test-method> <!-- testConnectionCase -->
      </class> <!-- main.java.com.metrobank.automation.testcase.ConnectionTestCase -->
    </test> <!-- Default test -->
  </suite> <!-- Default suite -->
</testng-results>
